2023-02-08 00:02:278 INFO  HomePage :41 - enter jobtitle[[ChromeDriver: chrome on WINDOWS (d79a5803d7634fcf01da40e98bec70c6)] -> xpath: //input[@id='keywords']]
2023-02-08 00:02:438 INFO  HomePage :45 - enter location[[ChromeDriver: chrome on WINDOWS (d79a5803d7634fcf01da40e98bec70c6)] -> xpath: //input[@id='location']]
2023-02-08 00:02:832 INFO  HomePage :52 - click on Moresearchoptionlink[[ChromeDriver: chrome on WINDOWS (d79a5803d7634fcf01da40e98bec70c6)] -> xpath: //button[@id='toggle-hp-search']]
2023-02-08 00:02:49 INFO  HomePage :56 - enter minsalary[[ChromeDriver: chrome on WINDOWS (d79a5803d7634fcf01da40e98bec70c6)] -> xpath: //input[@id='salarymin']]
2023-02-08 00:02:192 INFO  HomePage :60 - enter maxsalary[[ChromeDriver: chrome on WINDOWS (d79a5803d7634fcf01da40e98bec70c6)] -> xpath: //input[@id='salarymax']]
2023-02-08 00:02:514 INFO  HomePage :41 - enter jobtitle[[ChromeDriver: chrome on WINDOWS (85ef43f08c4815e43e710ce59b1f3e47)] -> xpath: //input[@id='keywords']]
2023-02-08 00:02:700 INFO  HomePage :45 - enter location[[ChromeDriver: chrome on WINDOWS (85ef43f08c4815e43e710ce59b1f3e47)] -> xpath: //input[@id='location']]
2023-02-08 00:02:66 INFO  HomePage :52 - click on Moresearchoptionlink[[ChromeDriver: chrome on WINDOWS (85ef43f08c4815e43e710ce59b1f3e47)] -> xpath: //button[@id='toggle-hp-search']]
2023-02-08 00:02:243 INFO  HomePage :56 - enter minsalary[[ChromeDriver: chrome on WINDOWS (85ef43f08c4815e43e710ce59b1f3e47)] -> xpath: //input[@id='salarymin']]
2023-02-08 00:02:369 INFO  HomePage :60 - enter maxsalary[[ChromeDriver: chrome on WINDOWS (85ef43f08c4815e43e710ce59b1f3e47)] -> xpath: //input[@id='salarymax']]
2023-02-08 00:02:870 INFO  HomePage :41 - enter jobtitle[[ChromeDriver: chrome on WINDOWS (4b3ad6f26011f125c9d6ad7940551d5c)] -> xpath: //input[@id='keywords']]
2023-02-08 00:02:996 INFO  HomePage :45 - enter location[[ChromeDriver: chrome on WINDOWS (4b3ad6f26011f125c9d6ad7940551d5c)] -> xpath: //input[@id='location']]
2023-02-08 00:02:415 INFO  HomePage :52 - click on Moresearchoptionlink[[ChromeDriver: chrome on WINDOWS (4b3ad6f26011f125c9d6ad7940551d5c)] -> xpath: //button[@id='toggle-hp-search']]
2023-02-08 00:02:596 INFO  HomePage :56 - enter minsalary[[ChromeDriver: chrome on WINDOWS (4b3ad6f26011f125c9d6ad7940551d5c)] -> xpath: //input[@id='salarymin']]
2023-02-08 00:02:708 INFO  HomePage :60 - enter maxsalary[[ChromeDriver: chrome on WINDOWS (4b3ad6f26011f125c9d6ad7940551d5c)] -> xpath: //input[@id='salarymax']]
2023-02-08 00:02:318 INFO  HomePage :41 - enter jobtitle[[ChromeDriver: chrome on WINDOWS (c8278233b2a0eaf0b10bdf57fd19ce80)] -> xpath: //input[@id='keywords']]
2023-02-08 00:02:491 INFO  HomePage :45 - enter location[[ChromeDriver: chrome on WINDOWS (c8278233b2a0eaf0b10bdf57fd19ce80)] -> xpath: //input[@id='location']]
2023-02-08 00:02:772 INFO  HomePage :52 - click on Moresearchoptionlink[[ChromeDriver: chrome on WINDOWS (c8278233b2a0eaf0b10bdf57fd19ce80)] -> xpath: //button[@id='toggle-hp-search']]
2023-02-08 00:02:953 INFO  HomePage :56 - enter minsalary[[ChromeDriver: chrome on WINDOWS (c8278233b2a0eaf0b10bdf57fd19ce80)] -> xpath: //input[@id='salarymin']]
2023-02-08 00:02:71 INFO  HomePage :60 - enter maxsalary[[ChromeDriver: chrome on WINDOWS (c8278233b2a0eaf0b10bdf57fd19ce80)] -> xpath: //input[@id='salarymax']]
2023-02-08 00:02:711 INFO  HomePage :41 - enter jobtitle[[ChromeDriver: chrome on WINDOWS (842b33899588a6e524be75f8fe84fabc)] -> xpath: //input[@id='keywords']]
2023-02-08 00:02:849 INFO  HomePage :45 - enter location[[ChromeDriver: chrome on WINDOWS (842b33899588a6e524be75f8fe84fabc)] -> xpath: //input[@id='location']]
2023-02-08 00:02:268 INFO  HomePage :52 - click on Moresearchoptionlink[[ChromeDriver: chrome on WINDOWS (842b33899588a6e524be75f8fe84fabc)] -> xpath: //button[@id='toggle-hp-search']]
2023-02-08 00:02:455 INFO  HomePage :56 - enter minsalary[[ChromeDriver: chrome on WINDOWS (842b33899588a6e524be75f8fe84fabc)] -> xpath: //input[@id='salarymin']]
2023-02-08 00:02:569 INFO  HomePage :60 - enter maxsalary[[ChromeDriver: chrome on WINDOWS (842b33899588a6e524be75f8fe84fabc)] -> xpath: //input[@id='salarymax']]
2023-02-08 00:02:733 INFO  HomePage :41 - enter jobtitle[[ChromeDriver: chrome on WINDOWS (5086d64a9122e184c18c5f1ef878175b)] -> xpath: //input[@id='keywords']]
2023-02-08 00:02:890 INFO  HomePage :45 - enter location[[ChromeDriver: chrome on WINDOWS (5086d64a9122e184c18c5f1ef878175b)] -> xpath: //input[@id='location']]
2023-02-08 00:02:292 INFO  HomePage :52 - click on Moresearchoptionlink[[ChromeDriver: chrome on WINDOWS (5086d64a9122e184c18c5f1ef878175b)] -> xpath: //button[@id='toggle-hp-search']]
2023-02-08 00:02:463 INFO  HomePage :56 - enter minsalary[[ChromeDriver: chrome on WINDOWS (5086d64a9122e184c18c5f1ef878175b)] -> xpath: //input[@id='salarymin']]
2023-02-08 00:02:583 INFO  HomePage :60 - enter maxsalary[[ChromeDriver: chrome on WINDOWS (5086d64a9122e184c18c5f1ef878175b)] -> xpath: //input[@id='salarymax']]
2023-02-08 00:02:343 INFO  HomePage :41 - enter jobtitle[[ChromeDriver: chrome on WINDOWS (03d9c29ad3d7aaa6c14a8f16ab0a5153)] -> xpath: //input[@id='keywords']]
2023-02-08 00:02:508 INFO  HomePage :45 - enter location[[ChromeDriver: chrome on WINDOWS (03d9c29ad3d7aaa6c14a8f16ab0a5153)] -> xpath: //input[@id='location']]
2023-02-08 00:02:881 INFO  HomePage :52 - click on Moresearchoptionlink[[ChromeDriver: chrome on WINDOWS (03d9c29ad3d7aaa6c14a8f16ab0a5153)] -> xpath: //button[@id='toggle-hp-search']]
2023-02-08 00:02:82 INFO  HomePage :56 - enter minsalary[[ChromeDriver: chrome on WINDOWS (03d9c29ad3d7aaa6c14a8f16ab0a5153)] -> xpath: //input[@id='salarymin']]
2023-02-08 00:02:208 INFO  HomePage :60 - enter maxsalary[[ChromeDriver: chrome on WINDOWS (03d9c29ad3d7aaa6c14a8f16ab0a5153)] -> xpath: //input[@id='salarymax']]
2023-02-08 00:02:738 INFO  HomePage :41 - enter jobtitle[[ChromeDriver: chrome on WINDOWS (7a32e554166d59bb56e02a49ead0df70)] -> xpath: //input[@id='keywords']]
2023-02-08 00:02:951 INFO  HomePage :45 - enter location[[ChromeDriver: chrome on WINDOWS (7a32e554166d59bb56e02a49ead0df70)] -> xpath: //input[@id='location']]
2023-02-08 00:02:316 INFO  HomePage :52 - click on Moresearchoptionlink[[ChromeDriver: chrome on WINDOWS (7a32e554166d59bb56e02a49ead0df70)] -> xpath: //button[@id='toggle-hp-search']]
2023-02-08 00:02:577 INFO  HomePage :56 - enter minsalary[[ChromeDriver: chrome on WINDOWS (7a32e554166d59bb56e02a49ead0df70)] -> xpath: //input[@id='salarymin']]
2023-02-08 00:02:706 INFO  HomePage :60 - enter maxsalary[[ChromeDriver: chrome on WINDOWS (7a32e554166d59bb56e02a49ead0df70)] -> xpath: //input[@id='salarymax']]
2023-02-08 00:02:770 INFO  HomePage :41 - enter jobtitle[[ChromeDriver: chrome on WINDOWS (230d1fefa3484b57a02329c79ed0a690)] -> xpath: //input[@id='keywords']]
2023-02-08 00:02:937 INFO  HomePage :45 - enter location[[ChromeDriver: chrome on WINDOWS (230d1fefa3484b57a02329c79ed0a690)] -> xpath: //input[@id='location']]
2023-02-08 00:02:365 INFO  HomePage :52 - click on Moresearchoptionlink[[ChromeDriver: chrome on WINDOWS (230d1fefa3484b57a02329c79ed0a690)] -> xpath: //button[@id='toggle-hp-search']]
2023-02-08 00:02:567 INFO  HomePage :56 - enter minsalary[[ChromeDriver: chrome on WINDOWS (230d1fefa3484b57a02329c79ed0a690)] -> xpath: //input[@id='salarymin']]
2023-02-08 00:02:679 INFO  HomePage :60 - enter maxsalary[[ChromeDriver: chrome on WINDOWS (230d1fefa3484b57a02329c79ed0a690)] -> xpath: //input[@id='salarymax']]
2023-02-08 00:02:906 INFO  HomePage :41 - enter jobtitle[[ChromeDriver: chrome on WINDOWS (ce8a70bf635361aefa04a017e607f5d4)] -> xpath: //input[@id='keywords']]
2023-02-08 00:02:205 INFO  HomePage :45 - enter location[[ChromeDriver: chrome on WINDOWS (ce8a70bf635361aefa04a017e607f5d4)] -> xpath: //input[@id='location']]
2023-02-08 00:02:592 INFO  HomePage :52 - click on Moresearchoptionlink[[ChromeDriver: chrome on WINDOWS (ce8a70bf635361aefa04a017e607f5d4)] -> xpath: //button[@id='toggle-hp-search']]
2023-02-08 00:02:872 INFO  HomePage :56 - enter minsalary[[ChromeDriver: chrome on WINDOWS (ce8a70bf635361aefa04a017e607f5d4)] -> xpath: //input[@id='salarymin']]
2023-02-08 00:02:130 INFO  HomePage :60 - enter maxsalary[[ChromeDriver: chrome on WINDOWS (ce8a70bf635361aefa04a017e607f5d4)] -> xpath: //input[@id='salarymax']]
2023-02-08 00:02:481 INFO  HomePage :41 - enter jobtitle[[ChromeDriver: chrome on WINDOWS (c1c6d9734563c90ce7dd84407404ca5d)] -> xpath: //input[@id='keywords']]
2023-02-08 00:02:685 INFO  HomePage :45 - enter location[[ChromeDriver: chrome on WINDOWS (c1c6d9734563c90ce7dd84407404ca5d)] -> xpath: //input[@id='location']]
2023-02-08 00:02:265 INFO  HomePage :52 - click on Moresearchoptionlink[[ChromeDriver: chrome on WINDOWS (c1c6d9734563c90ce7dd84407404ca5d)] -> xpath: //button[@id='toggle-hp-search']]
2023-02-08 00:02:542 INFO  HomePage :56 - enter minsalary[[ChromeDriver: chrome on WINDOWS (c1c6d9734563c90ce7dd84407404ca5d)] -> xpath: //input[@id='salarymin']]
2023-02-08 00:02:673 INFO  HomePage :60 - enter maxsalary[[ChromeDriver: chrome on WINDOWS (c1c6d9734563c90ce7dd84407404ca5d)] -> xpath: //input[@id='salarymax']]
2023-02-08 01:02:10 INFO  HomePage :41 - enter jobtitle[[ChromeDriver: chrome on WINDOWS (988a18ff4ed00a4a9fc96c9b4aceb9e0)] -> xpath: //input[@id='keywords']]
2023-02-08 01:02:161 INFO  HomePage :45 - enter location[[ChromeDriver: chrome on WINDOWS (988a18ff4ed00a4a9fc96c9b4aceb9e0)] -> xpath: //input[@id='location']]
2023-02-08 01:02:529 INFO  HomePage :52 - click on Moresearchoptionlink[[ChromeDriver: chrome on WINDOWS (988a18ff4ed00a4a9fc96c9b4aceb9e0)] -> xpath: //button[@id='toggle-hp-search']]
2023-02-08 01:02:740 INFO  HomePage :56 - enter minsalary[[ChromeDriver: chrome on WINDOWS (988a18ff4ed00a4a9fc96c9b4aceb9e0)] -> xpath: //input[@id='salarymin']]
2023-02-08 01:02:866 INFO  HomePage :60 - enter maxsalary[[ChromeDriver: chrome on WINDOWS (988a18ff4ed00a4a9fc96c9b4aceb9e0)] -> xpath: //input[@id='salarymax']]
2023-02-08 01:02:548 INFO  HomePage :41 - enter jobtitle[[ChromeDriver: chrome on WINDOWS (8c627855c56ead07d50476c1bb4a744f)] -> xpath: //input[@id='keywords']]
2023-02-08 01:02:760 INFO  HomePage :45 - enter location[[ChromeDriver: chrome on WINDOWS (8c627855c56ead07d50476c1bb4a744f)] -> xpath: //input[@id='location']]
2023-02-08 01:02:104 INFO  HomePage :52 - click on Moresearchoptionlink[[ChromeDriver: chrome on WINDOWS (8c627855c56ead07d50476c1bb4a744f)] -> xpath: //button[@id='toggle-hp-search']]
2023-02-08 01:02:332 INFO  HomePage :56 - enter minsalary[[ChromeDriver: chrome on WINDOWS (8c627855c56ead07d50476c1bb4a744f)] -> xpath: //input[@id='salarymin']]
2023-02-08 01:02:453 INFO  HomePage :60 - enter maxsalary[[ChromeDriver: chrome on WINDOWS (8c627855c56ead07d50476c1bb4a744f)] -> xpath: //input[@id='salarymax']]
2023-02-08 01:02:684 INFO  HomePage :41 - enter jobtitle[[ChromeDriver: chrome on WINDOWS (3193143fbcb5c8a9b5bce47fdf59e217)] -> xpath: //input[@id='keywords']]
2023-02-08 01:02:855 INFO  HomePage :45 - enter location[[ChromeDriver: chrome on WINDOWS (3193143fbcb5c8a9b5bce47fdf59e217)] -> xpath: //input[@id='location']]
2023-02-08 01:02:243 INFO  HomePage :52 - click on Moresearchoptionlink[[ChromeDriver: chrome on WINDOWS (3193143fbcb5c8a9b5bce47fdf59e217)] -> xpath: //button[@id='toggle-hp-search']]
2023-02-08 01:02:476 INFO  HomePage :56 - enter minsalary[[ChromeDriver: chrome on WINDOWS (3193143fbcb5c8a9b5bce47fdf59e217)] -> xpath: //input[@id='salarymin']]
2023-02-08 01:02:603 INFO  HomePage :60 - enter maxsalary[[ChromeDriver: chrome on WINDOWS (3193143fbcb5c8a9b5bce47fdf59e217)] -> xpath: //input[@id='salarymax']]
2023-02-08 01:02:314 INFO  HomePage :41 - enter jobtitle[[ChromeDriver: chrome on WINDOWS (93d9b03abe40d9c5fde57fafd2bff895)] -> xpath: //input[@id='keywords']]
2023-02-08 01:02:606 INFO  HomePage :45 - enter location[[ChromeDriver: chrome on WINDOWS (93d9b03abe40d9c5fde57fafd2bff895)] -> xpath: //input[@id='location']]
2023-02-08 01:02:252 INFO  HomePage :52 - click on Moresearchoptionlink[[ChromeDriver: chrome on WINDOWS (93d9b03abe40d9c5fde57fafd2bff895)] -> xpath: //button[@id='toggle-hp-search']]
2023-02-08 01:02:458 INFO  HomePage :56 - enter minsalary[[ChromeDriver: chrome on WINDOWS (93d9b03abe40d9c5fde57fafd2bff895)] -> xpath: //input[@id='salarymin']]
2023-02-08 01:02:628 INFO  HomePage :60 - enter maxsalary[[ChromeDriver: chrome on WINDOWS (93d9b03abe40d9c5fde57fafd2bff895)] -> xpath: //input[@id='salarymax']]
2023-02-08 01:02:117 INFO  HomePage :41 - enter jobtitle[[ChromeDriver: chrome on WINDOWS (eea693d6e571113805e595d9759b6488)] -> xpath: //input[@id='keywords']]
2023-02-08 01:02:428 INFO  HomePage :45 - enter location[[ChromeDriver: chrome on WINDOWS (eea693d6e571113805e595d9759b6488)] -> xpath: //input[@id='location']]
2023-02-08 01:02:909 INFO  HomePage :52 - click on Moresearchoptionlink[[ChromeDriver: chrome on WINDOWS (eea693d6e571113805e595d9759b6488)] -> xpath: //button[@id='toggle-hp-search']]
2023-02-08 01:02:145 INFO  HomePage :56 - enter minsalary[[ChromeDriver: chrome on WINDOWS (eea693d6e571113805e595d9759b6488)] -> xpath: //input[@id='salarymin']]
2023-02-08 01:02:288 INFO  HomePage :60 - enter maxsalary[[ChromeDriver: chrome on WINDOWS (eea693d6e571113805e595d9759b6488)] -> xpath: //input[@id='salarymax']]
2023-02-08 01:02:616 INFO  HomePage :41 - enter jobtitle[[ChromeDriver: chrome on WINDOWS (96110d8cc2cf5268ce019bcf9c156867)] -> xpath: //input[@id='keywords']]
2023-02-08 01:02:854 INFO  HomePage :45 - enter location[[ChromeDriver: chrome on WINDOWS (96110d8cc2cf5268ce019bcf9c156867)] -> xpath: //input[@id='location']]
2023-02-08 01:02:228 INFO  HomePage :52 - click on Moresearchoptionlink[[ChromeDriver: chrome on WINDOWS (96110d8cc2cf5268ce019bcf9c156867)] -> xpath: //button[@id='toggle-hp-search']]
2023-02-08 01:02:467 INFO  HomePage :56 - enter minsalary[[ChromeDriver: chrome on WINDOWS (96110d8cc2cf5268ce019bcf9c156867)] -> xpath: //input[@id='salarymin']]
2023-02-08 01:02:579 INFO  HomePage :60 - enter maxsalary[[ChromeDriver: chrome on WINDOWS (96110d8cc2cf5268ce019bcf9c156867)] -> xpath: //input[@id='salarymax']]
2023-02-08 01:02:630 INFO  HomePage :41 - enter jobtitle[[ChromeDriver: chrome on WINDOWS (8ad3340d00ab15ad811b0d1ed445cdb6)] -> xpath: //input[@id='keywords']]
2023-02-08 01:02:795 INFO  HomePage :45 - enter location[[ChromeDriver: chrome on WINDOWS (8ad3340d00ab15ad811b0d1ed445cdb6)] -> xpath: //input[@id='location']]
2023-02-08 01:02:202 INFO  HomePage :52 - click on Moresearchoptionlink[[ChromeDriver: chrome on WINDOWS (8ad3340d00ab15ad811b0d1ed445cdb6)] -> xpath: //button[@id='toggle-hp-search']]
2023-02-08 01:02:386 INFO  HomePage :56 - enter minsalary[[ChromeDriver: chrome on WINDOWS (8ad3340d00ab15ad811b0d1ed445cdb6)] -> xpath: //input[@id='salarymin']]
2023-02-08 01:02:505 INFO  HomePage :60 - enter maxsalary[[ChromeDriver: chrome on WINDOWS (8ad3340d00ab15ad811b0d1ed445cdb6)] -> xpath: //input[@id='salarymax']]
2023-02-08 01:02:123 INFO  HomePage :41 - enter jobtitle[[ChromeDriver: chrome on WINDOWS (2e0f169576e5e294e48c14fbe42be97a)] -> xpath: //input[@id='keywords']]
2023-02-08 01:02:362 INFO  HomePage :45 - enter location[[ChromeDriver: chrome on WINDOWS (2e0f169576e5e294e48c14fbe42be97a)] -> xpath: //input[@id='location']]
2023-02-08 01:02:731 INFO  HomePage :52 - click on Moresearchoptionlink[[ChromeDriver: chrome on WINDOWS (2e0f169576e5e294e48c14fbe42be97a)] -> xpath: //button[@id='toggle-hp-search']]
2023-02-08 01:02:948 INFO  HomePage :56 - enter minsalary[[ChromeDriver: chrome on WINDOWS (2e0f169576e5e294e48c14fbe42be97a)] -> xpath: //input[@id='salarymin']]
2023-02-08 01:02:73 INFO  HomePage :60 - enter maxsalary[[ChromeDriver: chrome on WINDOWS (2e0f169576e5e294e48c14fbe42be97a)] -> xpath: //input[@id='salarymax']]
2023-02-08 01:02:17 INFO  HomePage :41 - enter jobtitle[[ChromeDriver: chrome on WINDOWS (896a91df7f6e7961e72cfd824aa84a95)] -> xpath: //input[@id='keywords']]
2023-02-08 01:02:230 INFO  HomePage :45 - enter location[[ChromeDriver: chrome on WINDOWS (896a91df7f6e7961e72cfd824aa84a95)] -> xpath: //input[@id='location']]
2023-02-08 01:02:606 INFO  HomePage :52 - click on Moresearchoptionlink[[ChromeDriver: chrome on WINDOWS (896a91df7f6e7961e72cfd824aa84a95)] -> xpath: //button[@id='toggle-hp-search']]
2023-02-08 01:02:834 INFO  HomePage :56 - enter minsalary[[ChromeDriver: chrome on WINDOWS (896a91df7f6e7961e72cfd824aa84a95)] -> xpath: //input[@id='salarymin']]
2023-02-08 01:02:981 INFO  HomePage :60 - enter maxsalary[[ChromeDriver: chrome on WINDOWS (896a91df7f6e7961e72cfd824aa84a95)] -> xpath: //input[@id='salarymax']]
2023-02-08 01:02:90 INFO  HomePage :41 - enter jobtitle[[ChromeDriver: chrome on WINDOWS (e64a11b02077418218d6de988236f4e6)] -> xpath: //input[@id='keywords']]
2023-02-08 01:02:304 INFO  HomePage :45 - enter location[[ChromeDriver: chrome on WINDOWS (e64a11b02077418218d6de988236f4e6)] -> xpath: //input[@id='location']]
2023-02-08 01:02:815 INFO  HomePage :52 - click on Moresearchoptionlink[[ChromeDriver: chrome on WINDOWS (e64a11b02077418218d6de988236f4e6)] -> xpath: //button[@id='toggle-hp-search']]
2023-02-08 01:02:105 INFO  HomePage :56 - enter minsalary[[ChromeDriver: chrome on WINDOWS (e64a11b02077418218d6de988236f4e6)] -> xpath: //input[@id='salarymin']]
2023-02-08 01:02:263 INFO  HomePage :60 - enter maxsalary[[ChromeDriver: chrome on WINDOWS (e64a11b02077418218d6de988236f4e6)] -> xpath: //input[@id='salarymax']]
2023-02-08 01:02:939 INFO  HomePage :41 - enter jobtitle[[ChromeDriver: chrome on WINDOWS (58901b01f22e3b168dbbf247557efb83)] -> xpath: //input[@id='keywords']]
2023-02-08 01:02:196 INFO  HomePage :45 - enter location[[ChromeDriver: chrome on WINDOWS (58901b01f22e3b168dbbf247557efb83)] -> xpath: //input[@id='location']]
2023-02-08 01:02:802 INFO  HomePage :52 - click on Moresearchoptionlink[[ChromeDriver: chrome on WINDOWS (58901b01f22e3b168dbbf247557efb83)] -> xpath: //button[@id='toggle-hp-search']]
2023-02-08 01:02:998 INFO  HomePage :56 - enter minsalary[[ChromeDriver: chrome on WINDOWS (58901b01f22e3b168dbbf247557efb83)] -> xpath: //input[@id='salarymin']]
2023-02-08 01:02:164 INFO  HomePage :60 - enter maxsalary[[ChromeDriver: chrome on WINDOWS (58901b01f22e3b168dbbf247557efb83)] -> xpath: //input[@id='salarymax']]
2023-02-08 01:02:843 INFO  HomePage :41 - enter jobtitle[[ChromeDriver: chrome on WINDOWS (bde573b1d1da8ca095d6a7db7acfdab8)] -> xpath: //input[@id='keywords']]
2023-02-08 01:02:24 INFO  HomePage :45 - enter location[[ChromeDriver: chrome on WINDOWS (bde573b1d1da8ca095d6a7db7acfdab8)] -> xpath: //input[@id='location']]
2023-02-08 01:02:424 INFO  HomePage :52 - click on Moresearchoptionlink[[ChromeDriver: chrome on WINDOWS (bde573b1d1da8ca095d6a7db7acfdab8)] -> xpath: //button[@id='toggle-hp-search']]
2023-02-08 01:02:678 INFO  HomePage :56 - enter minsalary[[ChromeDriver: chrome on WINDOWS (bde573b1d1da8ca095d6a7db7acfdab8)] -> xpath: //input[@id='salarymin']]
2023-02-08 01:02:836 INFO  HomePage :60 - enter maxsalary[[ChromeDriver: chrome on WINDOWS (bde573b1d1da8ca095d6a7db7acfdab8)] -> xpath: //input[@id='salarymax']]
2023-02-08 01:02:461 INFO  HomePage :70 - click on findjob[[ChromeDriver: chrome on WINDOWS (bde573b1d1da8ca095d6a7db7acfdab8)] -> xpath: //input[@type='submit']]
2023-02-08 01:02:673 INFO  HomePage :41 - enter jobtitle[[ChromeDriver: chrome on WINDOWS (c60907aa766ece85a0142c6d42d7d857)] -> xpath: //input[@id='keywords']]
2023-02-08 01:02:943 INFO  HomePage :45 - enter location[[ChromeDriver: chrome on WINDOWS (c60907aa766ece85a0142c6d42d7d857)] -> xpath: //input[@id='location']]
2023-02-08 01:02:368 INFO  HomePage :52 - click on Moresearchoptionlink[[ChromeDriver: chrome on WINDOWS (c60907aa766ece85a0142c6d42d7d857)] -> xpath: //button[@id='toggle-hp-search']]
2023-02-08 01:02:607 INFO  HomePage :56 - enter minsalary[[ChromeDriver: chrome on WINDOWS (c60907aa766ece85a0142c6d42d7d857)] -> xpath: //input[@id='salarymin']]
2023-02-08 01:02:742 INFO  HomePage :60 - enter maxsalary[[ChromeDriver: chrome on WINDOWS (c60907aa766ece85a0142c6d42d7d857)] -> xpath: //input[@id='salarymax']]
2023-02-08 01:02:219 INFO  HomePage :70 - click on findjob[[ChromeDriver: chrome on WINDOWS (c60907aa766ece85a0142c6d42d7d857)] -> xpath: //input[@type='submit']]
2023-02-08 01:02:894 INFO  HomePage :41 - enter jobtitle[[ChromeDriver: chrome on WINDOWS (2f9e111128dd1cc5221eb586be531210)] -> xpath: //input[@id='keywords']]
2023-02-08 01:02:72 INFO  HomePage :45 - enter location[[ChromeDriver: chrome on WINDOWS (2f9e111128dd1cc5221eb586be531210)] -> xpath: //input[@id='location']]
2023-02-08 01:02:502 INFO  HomePage :52 - click on Moresearchoptionlink[[ChromeDriver: chrome on WINDOWS (2f9e111128dd1cc5221eb586be531210)] -> xpath: //button[@id='toggle-hp-search']]
2023-02-08 01:02:696 INFO  HomePage :56 - enter minsalary[[ChromeDriver: chrome on WINDOWS (2f9e111128dd1cc5221eb586be531210)] -> xpath: //input[@id='salarymin']]
2023-02-08 01:02:827 INFO  HomePage :60 - enter maxsalary[[ChromeDriver: chrome on WINDOWS (2f9e111128dd1cc5221eb586be531210)] -> xpath: //input[@id='salarymax']]
2023-02-08 01:02:156 INFO  HomePage :41 - enter jobtitle[[ChromeDriver: chrome on WINDOWS (81533716ac653dc8dcfe53defdc743ca)] -> xpath: //input[@id='keywords']]
2023-02-08 01:02:317 INFO  HomePage :45 - enter location[[ChromeDriver: chrome on WINDOWS (81533716ac653dc8dcfe53defdc743ca)] -> xpath: //input[@id='location']]
2023-02-08 01:02:743 INFO  HomePage :52 - click on Moresearchoptionlink[[ChromeDriver: chrome on WINDOWS (81533716ac653dc8dcfe53defdc743ca)] -> xpath: //button[@id='toggle-hp-search']]
2023-02-08 01:02:19 INFO  HomePage :56 - enter minsalary[[ChromeDriver: chrome on WINDOWS (81533716ac653dc8dcfe53defdc743ca)] -> xpath: //input[@id='salarymin']]
2023-02-08 01:02:210 INFO  HomePage :60 - enter maxsalary[[ChromeDriver: chrome on WINDOWS (81533716ac653dc8dcfe53defdc743ca)] -> xpath: //input[@id='salarymax']]
2023-02-08 01:02:30 INFO  HomePage :41 - enter jobtitle[[ChromeDriver: chrome on WINDOWS (6714344320accee937a6d9bc3b76d48f)] -> xpath: //input[@id='keywords']]
2023-02-08 01:02:224 INFO  HomePage :45 - enter location[[ChromeDriver: chrome on WINDOWS (6714344320accee937a6d9bc3b76d48f)] -> xpath: //input[@id='location']]
2023-02-08 01:02:561 INFO  HomePage :52 - click on Moresearchoptionlink[[ChromeDriver: chrome on WINDOWS (6714344320accee937a6d9bc3b76d48f)] -> xpath: //button[@id='toggle-hp-search']]
2023-02-08 01:02:757 INFO  HomePage :56 - enter minsalary[[ChromeDriver: chrome on WINDOWS (6714344320accee937a6d9bc3b76d48f)] -> xpath: //input[@id='salarymin']]
2023-02-08 01:02:903 INFO  HomePage :60 - enter maxsalary[[ChromeDriver: chrome on WINDOWS (6714344320accee937a6d9bc3b76d48f)] -> xpath: //input[@id='salarymax']]
2023-02-08 01:02:748 INFO  HomePage :41 - enter jobtitle[[ChromeDriver: chrome on WINDOWS (ac6a57a2db913e31bde5d11646514816)] -> xpath: //input[@id='keywords']]
2023-02-08 01:02:901 INFO  HomePage :45 - enter location[[ChromeDriver: chrome on WINDOWS (ac6a57a2db913e31bde5d11646514816)] -> xpath: //input[@id='location']]
2023-02-08 01:02:249 INFO  HomePage :41 - enter jobtitle[[ChromeDriver: chrome on WINDOWS (f22e8da316e5219c52c9c52e8ba98ced)] -> xpath: //input[@id='keywords']]
2023-02-08 01:02:414 INFO  HomePage :45 - enter location[[ChromeDriver: chrome on WINDOWS (f22e8da316e5219c52c9c52e8ba98ced)] -> xpath: //input[@id='location']]
2023-02-08 01:02:817 INFO  HomePage :52 - click on Moresearchoptionlink[[ChromeDriver: chrome on WINDOWS (f22e8da316e5219c52c9c52e8ba98ced)] -> xpath: //button[@id='toggle-hp-search']]
2023-02-08 01:02:67 INFO  HomePage :56 - enter minsalary[[ChromeDriver: chrome on WINDOWS (f22e8da316e5219c52c9c52e8ba98ced)] -> xpath: //input[@id='salarymin']]
2023-02-08 01:02:284 INFO  HomePage :60 - enter maxsalary[[ChromeDriver: chrome on WINDOWS (f22e8da316e5219c52c9c52e8ba98ced)] -> xpath: //input[@id='salarymax']]
2023-02-08 01:02:999 INFO  HomePage :41 - enter jobtitle[[ChromeDriver: chrome on WINDOWS (268c4a32b450e0015892799d368119a1)] -> xpath: //input[@id='keywords']]
2023-02-08 01:02:156 INFO  HomePage :45 - enter location[[ChromeDriver: chrome on WINDOWS (268c4a32b450e0015892799d368119a1)] -> xpath: //input[@id='location']]
2023-02-08 01:02:541 INFO  HomePage :52 - click on Moresearchoptionlink[[ChromeDriver: chrome on WINDOWS (268c4a32b450e0015892799d368119a1)] -> xpath: //button[@id='toggle-hp-search']]
2023-02-08 01:02:748 INFO  HomePage :56 - enter minsalary[[ChromeDriver: chrome on WINDOWS (268c4a32b450e0015892799d368119a1)] -> xpath: //input[@id='salarymin']]
2023-02-08 01:02:890 INFO  HomePage :60 - enter maxsalary[[ChromeDriver: chrome on WINDOWS (268c4a32b450e0015892799d368119a1)] -> xpath: //input[@id='salarymax']]
2023-02-08 01:02:653 INFO  HomePage :41 - enter jobtitle[[ChromeDriver: chrome on WINDOWS (1ce4f18e5b9bd8f2a88cc8a75058aa7c)] -> xpath: //input[@id='keywords']]
2023-02-08 01:02:838 INFO  HomePage :45 - enter location[[ChromeDriver: chrome on WINDOWS (1ce4f18e5b9bd8f2a88cc8a75058aa7c)] -> xpath: //input[@id='location']]
2023-02-08 01:02:171 INFO  HomePage :52 - click on Moresearchoptionlink[[ChromeDriver: chrome on WINDOWS (1ce4f18e5b9bd8f2a88cc8a75058aa7c)] -> xpath: //button[@id='toggle-hp-search']]
2023-02-08 01:02:347 INFO  HomePage :56 - enter minsalary[[ChromeDriver: chrome on WINDOWS (1ce4f18e5b9bd8f2a88cc8a75058aa7c)] -> xpath: //input[@id='salarymin']]
2023-02-08 01:02:479 INFO  HomePage :60 - enter maxsalary[[ChromeDriver: chrome on WINDOWS (1ce4f18e5b9bd8f2a88cc8a75058aa7c)] -> xpath: //input[@id='salarymax']]
2023-02-08 01:02:138 INFO  HomePage :41 - enter jobtitle[[ChromeDriver: chrome on WINDOWS (ba2cfeb99fc2ace7fb8517ac2b6d60e8)] -> xpath: //input[@id='keywords']]
2023-02-08 01:02:383 INFO  HomePage :45 - enter location[[ChromeDriver: chrome on WINDOWS (ba2cfeb99fc2ace7fb8517ac2b6d60e8)] -> xpath: //input[@id='location']]
2023-02-08 01:02:757 INFO  HomePage :52 - click on Moresearchoptionlink[[ChromeDriver: chrome on WINDOWS (ba2cfeb99fc2ace7fb8517ac2b6d60e8)] -> xpath: //button[@id='toggle-hp-search']]
2023-02-08 01:02:975 INFO  HomePage :56 - enter minsalary[[ChromeDriver: chrome on WINDOWS (ba2cfeb99fc2ace7fb8517ac2b6d60e8)] -> xpath: //input[@id='salarymin']]
2023-02-08 01:02:89 INFO  HomePage :60 - enter maxsalary[[ChromeDriver: chrome on WINDOWS (ba2cfeb99fc2ace7fb8517ac2b6d60e8)] -> xpath: //input[@id='salarymax']]
2023-02-08 01:02:180 INFO  HomePage :41 - enter jobtitle[[ChromeDriver: chrome on WINDOWS (d81078a5b4b2a1169148646f17d8b2ac)] -> xpath: //input[@id='keywords']]
2023-02-08 01:02:378 INFO  HomePage :45 - enter location[[ChromeDriver: chrome on WINDOWS (d81078a5b4b2a1169148646f17d8b2ac)] -> xpath: //input[@id='location']]
2023-02-08 01:02:795 INFO  HomePage :52 - click on Moresearchoptionlink[[ChromeDriver: chrome on WINDOWS (d81078a5b4b2a1169148646f17d8b2ac)] -> xpath: //button[@id='toggle-hp-search']]
2023-02-08 01:02:15 INFO  HomePage :56 - enter minsalary[[ChromeDriver: chrome on WINDOWS (d81078a5b4b2a1169148646f17d8b2ac)] -> xpath: //input[@id='salarymin']]
2023-02-08 01:02:172 INFO  HomePage :60 - enter maxsalary[[ChromeDriver: chrome on WINDOWS (d81078a5b4b2a1169148646f17d8b2ac)] -> xpath: //input[@id='salarymax']]
2023-02-08 01:02:734 INFO  HomePage :41 - enter jobtitle[[ChromeDriver: chrome on WINDOWS (75e748da187a035fe1da9b8e68549cfe)] -> xpath: //input[@id='keywords']]
2023-02-08 01:02:972 INFO  HomePage :45 - enter location[[ChromeDriver: chrome on WINDOWS (75e748da187a035fe1da9b8e68549cfe)] -> xpath: //input[@id='location']]
2023-02-08 01:02:478 INFO  HomePage :52 - click on Moresearchoptionlink[[ChromeDriver: chrome on WINDOWS (75e748da187a035fe1da9b8e68549cfe)] -> xpath: //button[@id='toggle-hp-search']]
2023-02-08 01:02:704 INFO  HomePage :56 - enter minsalary[[ChromeDriver: chrome on WINDOWS (75e748da187a035fe1da9b8e68549cfe)] -> xpath: //input[@id='salarymin']]
2023-02-08 01:02:857 INFO  HomePage :60 - enter maxsalary[[ChromeDriver: chrome on WINDOWS (75e748da187a035fe1da9b8e68549cfe)] -> xpath: //input[@id='salarymax']]
2023-02-08 01:02:130 INFO  HomePage :41 - enter jobtitle[[ChromeDriver: chrome on WINDOWS (727b75aae30937a6381c3a53e1532153)] -> xpath: //input[@id='keywords']]
2023-02-08 01:02:291 INFO  HomePage :45 - enter location[[ChromeDriver: chrome on WINDOWS (727b75aae30937a6381c3a53e1532153)] -> xpath: //input[@id='location']]
2023-02-08 01:02:758 INFO  HomePage :52 - click on Moresearchoptionlink[[ChromeDriver: chrome on WINDOWS (727b75aae30937a6381c3a53e1532153)] -> xpath: //button[@id='toggle-hp-search']]
2023-02-08 01:02:08 INFO  HomePage :56 - enter minsalary[[ChromeDriver: chrome on WINDOWS (727b75aae30937a6381c3a53e1532153)] -> xpath: //input[@id='salarymin']]
2023-02-08 01:02:141 INFO  HomePage :60 - enter maxsalary[[ChromeDriver: chrome on WINDOWS (727b75aae30937a6381c3a53e1532153)] -> xpath: //input[@id='salarymax']]
2023-02-08 01:02:604 INFO  HomePage :41 - enter jobtitle[[ChromeDriver: chrome on WINDOWS (040e5acfa8d1627bf3b222903ad71403)] -> xpath: //input[@id='keywords']]
2023-02-08 01:02:815 INFO  HomePage :45 - enter location[[ChromeDriver: chrome on WINDOWS (040e5acfa8d1627bf3b222903ad71403)] -> xpath: //input[@id='location']]
2023-02-08 01:02:138 INFO  HomePage :52 - click on Moresearchoptionlink[[ChromeDriver: chrome on WINDOWS (040e5acfa8d1627bf3b222903ad71403)] -> xpath: //button[@id='toggle-hp-search']]
2023-02-08 01:02:352 INFO  HomePage :56 - enter minsalary[[ChromeDriver: chrome on WINDOWS (040e5acfa8d1627bf3b222903ad71403)] -> xpath: //input[@id='salarymin']]
2023-02-08 01:02:481 INFO  HomePage :60 - enter maxsalary[[ChromeDriver: chrome on WINDOWS (040e5acfa8d1627bf3b222903ad71403)] -> xpath: //input[@id='salarymax']]
2023-02-08 11:02:446 INFO  HomePage :41 - enter jobtitle[[ChromeDriver: chrome on WINDOWS (4f6bdd1629f7e6c86165e71e9773c136)] -> xpath: //input[@id='keywords']]
2023-02-08 11:02:591 INFO  HomePage :45 - enter location[[ChromeDriver: chrome on WINDOWS (4f6bdd1629f7e6c86165e71e9773c136)] -> xpath: //input[@id='location']]
2023-02-08 11:02:990 INFO  HomePage :52 - click on Moresearchoptionlink[[ChromeDriver: chrome on WINDOWS (4f6bdd1629f7e6c86165e71e9773c136)] -> xpath: //button[@id='toggle-hp-search']]
2023-02-08 11:02:149 INFO  HomePage :56 - enter minsalary[[ChromeDriver: chrome on WINDOWS (4f6bdd1629f7e6c86165e71e9773c136)] -> xpath: //input[@id='salarymin']]
2023-02-08 11:02:270 INFO  HomePage :60 - enter maxsalary[[ChromeDriver: chrome on WINDOWS (4f6bdd1629f7e6c86165e71e9773c136)] -> xpath: //input[@id='salarymax']]
2023-02-08 11:02:218 INFO  HomePage :41 - enter jobtitle[[ChromeDriver: chrome on WINDOWS (9c7f6d811253bbae9c5960f6864de55a)] -> xpath: //input[@id='keywords']]
2023-02-08 11:02:406 INFO  HomePage :45 - enter location[[ChromeDriver: chrome on WINDOWS (9c7f6d811253bbae9c5960f6864de55a)] -> xpath: //input[@id='location']]
2023-02-08 11:02:791 INFO  HomePage :52 - click on Moresearchoptionlink[[ChromeDriver: chrome on WINDOWS (9c7f6d811253bbae9c5960f6864de55a)] -> xpath: //button[@id='toggle-hp-search']]
2023-02-08 11:02:24 INFO  HomePage :56 - enter minsalary[[ChromeDriver: chrome on WINDOWS (9c7f6d811253bbae9c5960f6864de55a)] -> xpath: //input[@id='salarymin']]
2023-02-08 11:02:160 INFO  HomePage :60 - enter maxsalary[[ChromeDriver: chrome on WINDOWS (9c7f6d811253bbae9c5960f6864de55a)] -> xpath: //input[@id='salarymax']]
2023-02-08 11:02:552 INFO  HomePage :41 - enter jobtitle[[ChromeDriver: chrome on WINDOWS (3ea56b809c17db1ff0d0c250770019ee)] -> xpath: //input[@id='keywords']]
2023-02-08 11:02:654 INFO  HomePage :45 - enter location[[ChromeDriver: chrome on WINDOWS (3ea56b809c17db1ff0d0c250770019ee)] -> xpath: //input[@id='location']]
2023-02-08 11:02:901 INFO  HomePage :52 - click on Moresearchoptionlink[[ChromeDriver: chrome on WINDOWS (3ea56b809c17db1ff0d0c250770019ee)] -> xpath: //button[@id='toggle-hp-search']]
2023-02-08 11:02:72 INFO  HomePage :56 - enter minsalary[[ChromeDriver: chrome on WINDOWS (3ea56b809c17db1ff0d0c250770019ee)] -> xpath: //input[@id='salarymin']]
2023-02-08 11:02:190 INFO  HomePage :60 - enter maxsalary[[ChromeDriver: chrome on WINDOWS (3ea56b809c17db1ff0d0c250770019ee)] -> xpath: //input[@id='salarymax']]
2023-02-08 11:02:205 INFO  HomePage :41 - enter jobtitle[[ChromeDriver: chrome on WINDOWS (6628bb763c256fc9ba4f14edef40a47c)] -> xpath: //input[@id='keywords']]
2023-02-08 11:02:417 INFO  HomePage :45 - enter location[[ChromeDriver: chrome on WINDOWS (6628bb763c256fc9ba4f14edef40a47c)] -> xpath: //input[@id='location']]
2023-02-08 11:02:642 INFO  HomePage :52 - click on Moresearchoptionlink[[ChromeDriver: chrome on WINDOWS (6628bb763c256fc9ba4f14edef40a47c)] -> xpath: //button[@id='toggle-hp-search']]
2023-02-08 11:02:896 INFO  HomePage :56 - enter minsalary[[ChromeDriver: chrome on WINDOWS (6628bb763c256fc9ba4f14edef40a47c)] -> xpath: //input[@id='salarymin']]
2023-02-08 11:02:01 INFO  HomePage :60 - enter maxsalary[[ChromeDriver: chrome on WINDOWS (6628bb763c256fc9ba4f14edef40a47c)] -> xpath: //input[@id='salarymax']]
2023-02-08 11:02:302 INFO  HomePage :41 - enter jobtitle[[ChromeDriver: chrome on WINDOWS (ebda3a51639a51ce1b196c60fd6b5738)] -> xpath: //input[@id='keywords']]
2023-02-08 11:02:422 INFO  HomePage :45 - enter location[[ChromeDriver: chrome on WINDOWS (ebda3a51639a51ce1b196c60fd6b5738)] -> xpath: //input[@id='location']]
2023-02-08 11:02:836 INFO  HomePage :52 - click on Moresearchoptionlink[[ChromeDriver: chrome on WINDOWS (ebda3a51639a51ce1b196c60fd6b5738)] -> xpath: //button[@id='toggle-hp-search']]
2023-02-08 11:02:23 INFO  HomePage :56 - enter minsalary[[ChromeDriver: chrome on WINDOWS (ebda3a51639a51ce1b196c60fd6b5738)] -> xpath: //input[@id='salarymin']]
2023-02-08 11:02:129 INFO  HomePage :60 - enter maxsalary[[ChromeDriver: chrome on WINDOWS (ebda3a51639a51ce1b196c60fd6b5738)] -> xpath: //input[@id='salarymax']]
2023-02-08 11:02:724 INFO  HomePage :41 - enter jobtitle[[ChromeDriver: chrome on WINDOWS (4eafecf2499bd7e0a210d195a2282524)] -> xpath: //input[@id='keywords']]
2023-02-08 11:02:896 INFO  HomePage :45 - enter location[[ChromeDriver: chrome on WINDOWS (4eafecf2499bd7e0a210d195a2282524)] -> xpath: //input[@id='location']]
2023-02-08 11:02:308 INFO  HomePage :52 - click on Moresearchoptionlink[[ChromeDriver: chrome on WINDOWS (4eafecf2499bd7e0a210d195a2282524)] -> xpath: //button[@id='toggle-hp-search']]
2023-02-08 11:02:504 INFO  HomePage :56 - enter minsalary[[ChromeDriver: chrome on WINDOWS (4eafecf2499bd7e0a210d195a2282524)] -> xpath: //input[@id='salarymin']]
2023-02-08 11:02:626 INFO  HomePage :60 - enter maxsalary[[ChromeDriver: chrome on WINDOWS (4eafecf2499bd7e0a210d195a2282524)] -> xpath: //input[@id='salarymax']]
2023-02-08 11:02:09 INFO  HomePage :41 - enter jobtitle[[ChromeDriver: chrome on WINDOWS (cbf8420e9176815a38a9de7efb89952a)] -> xpath: //input[@id='keywords']]
2023-02-08 11:02:161 INFO  HomePage :45 - enter location[[ChromeDriver: chrome on WINDOWS (cbf8420e9176815a38a9de7efb89952a)] -> xpath: //input[@id='location']]
2023-02-08 11:02:549 INFO  HomePage :52 - click on Moresearchoptionlink[[ChromeDriver: chrome on WINDOWS (cbf8420e9176815a38a9de7efb89952a)] -> xpath: //button[@id='toggle-hp-search']]
2023-02-08 11:02:728 INFO  HomePage :56 - enter minsalary[[ChromeDriver: chrome on WINDOWS (cbf8420e9176815a38a9de7efb89952a)] -> xpath: //input[@id='salarymin']]
2023-02-08 11:02:873 INFO  HomePage :60 - enter maxsalary[[ChromeDriver: chrome on WINDOWS (cbf8420e9176815a38a9de7efb89952a)] -> xpath: //input[@id='salarymax']]
2023-02-08 11:02:727 INFO  HomePage :41 - enter jobtitle[[ChromeDriver: chrome on WINDOWS (709f905d16644f91cc88b297321b5f66)] -> xpath: //input[@id='keywords']]
2023-02-08 11:02:906 INFO  HomePage :45 - enter location[[ChromeDriver: chrome on WINDOWS (709f905d16644f91cc88b297321b5f66)] -> xpath: //input[@id='location']]
2023-02-08 11:02:250 INFO  HomePage :52 - click on Moresearchoptionlink[[ChromeDriver: chrome on WINDOWS (709f905d16644f91cc88b297321b5f66)] -> xpath: //button[@id='toggle-hp-search']]
2023-02-08 11:02:438 INFO  HomePage :56 - enter minsalary[[ChromeDriver: chrome on WINDOWS (709f905d16644f91cc88b297321b5f66)] -> xpath: //input[@id='salarymin']]
2023-02-08 11:02:552 INFO  HomePage :60 - enter maxsalary[[ChromeDriver: chrome on WINDOWS (709f905d16644f91cc88b297321b5f66)] -> xpath: //input[@id='salarymax']]
2023-02-08 11:02:634 INFO  HomePage :41 - enter jobtitle[[ChromeDriver: chrome on WINDOWS (9ce71cfdc3d7818f68c9431073d38148)] -> xpath: //input[@id='keywords']]
2023-02-08 11:02:768 INFO  HomePage :45 - enter location[[ChromeDriver: chrome on WINDOWS (9ce71cfdc3d7818f68c9431073d38148)] -> xpath: //input[@id='location']]
2023-02-08 11:02:189 INFO  HomePage :52 - click on Moresearchoptionlink[[ChromeDriver: chrome on WINDOWS (9ce71cfdc3d7818f68c9431073d38148)] -> xpath: //button[@id='toggle-hp-search']]
2023-02-08 11:02:342 INFO  HomePage :56 - enter minsalary[[ChromeDriver: chrome on WINDOWS (9ce71cfdc3d7818f68c9431073d38148)] -> xpath: //input[@id='salarymin']]
2023-02-08 11:02:452 INFO  HomePage :60 - enter maxsalary[[ChromeDriver: chrome on WINDOWS (9ce71cfdc3d7818f68c9431073d38148)] -> xpath: //input[@id='salarymax']]
2023-02-08 11:02:328 INFO  HomePage :41 - enter jobtitle[[ChromeDriver: chrome on WINDOWS (9176b26295bc183b0804c2ae3e45661f)] -> xpath: //input[@id='keywords']]
2023-02-08 11:02:528 INFO  HomePage :45 - enter location[[ChromeDriver: chrome on WINDOWS (9176b26295bc183b0804c2ae3e45661f)] -> xpath: //input[@id='location']]
2023-02-08 11:02:744 INFO  HomePage :52 - click on Moresearchoptionlink[[ChromeDriver: chrome on WINDOWS (9176b26295bc183b0804c2ae3e45661f)] -> xpath: //button[@id='toggle-hp-search']]
2023-02-08 11:02:939 INFO  HomePage :56 - enter minsalary[[ChromeDriver: chrome on WINDOWS (9176b26295bc183b0804c2ae3e45661f)] -> xpath: //input[@id='salarymin']]
2023-02-08 11:02:97 INFO  HomePage :60 - enter maxsalary[[ChromeDriver: chrome on WINDOWS (9176b26295bc183b0804c2ae3e45661f)] -> xpath: //input[@id='salarymax']]
2023-02-08 11:02:506 INFO  HomePage :41 - enter jobtitle[[ChromeDriver: chrome on WINDOWS (d49e1418189fc15cd691e4c21e89982e)] -> xpath: //input[@id='keywords']]
2023-02-08 11:02:644 INFO  HomePage :45 - enter location[[ChromeDriver: chrome on WINDOWS (d49e1418189fc15cd691e4c21e89982e)] -> xpath: //input[@id='location']]
2023-02-08 11:02:26 INFO  HomePage :52 - click on Moresearchoptionlink[[ChromeDriver: chrome on WINDOWS (d49e1418189fc15cd691e4c21e89982e)] -> xpath: //button[@id='toggle-hp-search']]
2023-02-08 11:02:198 INFO  HomePage :56 - enter minsalary[[ChromeDriver: chrome on WINDOWS (d49e1418189fc15cd691e4c21e89982e)] -> xpath: //input[@id='salarymin']]
2023-02-08 11:02:309 INFO  HomePage :60 - enter maxsalary[[ChromeDriver: chrome on WINDOWS (d49e1418189fc15cd691e4c21e89982e)] -> xpath: //input[@id='salarymax']]
2023-02-08 11:02:50 INFO  HomePage :41 - enter jobtitle[[ChromeDriver: chrome on WINDOWS (7eb341d2eff421f82d706eb3b69871ff)] -> xpath: //input[@id='keywords']]
2023-02-08 11:02:207 INFO  HomePage :45 - enter location[[ChromeDriver: chrome on WINDOWS (7eb341d2eff421f82d706eb3b69871ff)] -> xpath: //input[@id='location']]
2023-02-08 11:02:596 INFO  HomePage :52 - click on Moresearchoptionlink[[ChromeDriver: chrome on WINDOWS (7eb341d2eff421f82d706eb3b69871ff)] -> xpath: //button[@id='toggle-hp-search']]
2023-02-08 11:02:758 INFO  HomePage :56 - enter minsalary[[ChromeDriver: chrome on WINDOWS (7eb341d2eff421f82d706eb3b69871ff)] -> xpath: //input[@id='salarymin']]
2023-02-08 11:02:870 INFO  HomePage :60 - enter maxsalary[[ChromeDriver: chrome on WINDOWS (7eb341d2eff421f82d706eb3b69871ff)] -> xpath: //input[@id='salarymax']]
2023-02-08 11:02:616 INFO  HomePage :41 - enter jobtitle[[ChromeDriver: chrome on WINDOWS (88960ea0689d5f3f864593da9a6cb7f5)] -> xpath: //input[@id='keywords']]
2023-02-08 11:02:743 INFO  HomePage :45 - enter location[[ChromeDriver: chrome on WINDOWS (88960ea0689d5f3f864593da9a6cb7f5)] -> xpath: //input[@id='location']]
2023-02-08 11:02:134 INFO  HomePage :52 - click on Moresearchoptionlink[[ChromeDriver: chrome on WINDOWS (88960ea0689d5f3f864593da9a6cb7f5)] -> xpath: //button[@id='toggle-hp-search']]
2023-02-08 11:02:302 INFO  HomePage :56 - enter minsalary[[ChromeDriver: chrome on WINDOWS (88960ea0689d5f3f864593da9a6cb7f5)] -> xpath: //input[@id='salarymin']]
2023-02-08 11:02:408 INFO  HomePage :60 - enter maxsalary[[ChromeDriver: chrome on WINDOWS (88960ea0689d5f3f864593da9a6cb7f5)] -> xpath: //input[@id='salarymax']]
2023-02-08 11:02:757 INFO  HomePage :41 - enter jobtitle[[ChromeDriver: chrome on WINDOWS (0b01882e7f978fa3ce1c41a41a6fc9c8)] -> xpath: //input[@id='keywords']]
2023-02-08 11:02:923 INFO  HomePage :45 - enter location[[ChromeDriver: chrome on WINDOWS (0b01882e7f978fa3ce1c41a41a6fc9c8)] -> xpath: //input[@id='location']]
2023-02-08 11:02:131 INFO  HomePage :52 - click on Moresearchoptionlink[[ChromeDriver: chrome on WINDOWS (0b01882e7f978fa3ce1c41a41a6fc9c8)] -> xpath: //button[@id='toggle-hp-search']]
2023-02-08 11:02:363 INFO  HomePage :56 - enter minsalary[[ChromeDriver: chrome on WINDOWS (0b01882e7f978fa3ce1c41a41a6fc9c8)] -> xpath: //input[@id='salarymin']]
2023-02-08 11:02:485 INFO  HomePage :60 - enter maxsalary[[ChromeDriver: chrome on WINDOWS (0b01882e7f978fa3ce1c41a41a6fc9c8)] -> xpath: //input[@id='salarymax']]
2023-02-08 11:02:861 INFO  HomePage :41 - enter jobtitle[[ChromeDriver: chrome on WINDOWS (7e10b8e97e21a1308bceb606642253e1)] -> xpath: //input[@id='keywords']]
2023-02-08 11:02:983 INFO  HomePage :45 - enter location[[ChromeDriver: chrome on WINDOWS (7e10b8e97e21a1308bceb606642253e1)] -> xpath: //input[@id='location']]
2023-02-08 11:02:347 INFO  HomePage :52 - click on Moresearchoptionlink[[ChromeDriver: chrome on WINDOWS (7e10b8e97e21a1308bceb606642253e1)] -> xpath: //button[@id='toggle-hp-search']]
2023-02-08 11:02:514 INFO  HomePage :56 - enter minsalary[[ChromeDriver: chrome on WINDOWS (7e10b8e97e21a1308bceb606642253e1)] -> xpath: //input[@id='salarymin']]
2023-02-08 11:02:627 INFO  HomePage :60 - enter maxsalary[[ChromeDriver: chrome on WINDOWS (7e10b8e97e21a1308bceb606642253e1)] -> xpath: //input[@id='salarymax']]
2023-02-08 11:02:954 INFO  HomePage :41 - enter jobtitle[[ChromeDriver: chrome on WINDOWS (4f48f6fc91559dbad070edc5741c9cb1)] -> xpath: //input[@id='keywords']]
2023-02-08 11:02:136 INFO  HomePage :45 - enter location[[ChromeDriver: chrome on WINDOWS (4f48f6fc91559dbad070edc5741c9cb1)] -> xpath: //input[@id='location']]
2023-02-08 11:02:506 INFO  HomePage :52 - click on Moresearchoptionlink[[ChromeDriver: chrome on WINDOWS (4f48f6fc91559dbad070edc5741c9cb1)] -> xpath: //button[@id='toggle-hp-search']]
2023-02-08 11:02:655 INFO  HomePage :56 - enter minsalary[[ChromeDriver: chrome on WINDOWS (4f48f6fc91559dbad070edc5741c9cb1)] -> xpath: //input[@id='salarymin']]
2023-02-08 11:02:771 INFO  HomePage :60 - enter maxsalary[[ChromeDriver: chrome on WINDOWS (4f48f6fc91559dbad070edc5741c9cb1)] -> xpath: //input[@id='salarymax']]
2023-02-08 11:02:466 INFO  HomePage :41 - enter jobtitle[[ChromeDriver: chrome on WINDOWS (4b0d13bb8b64a9e977a015eb9a72d645)] -> xpath: //input[@id='keywords']]
2023-02-08 11:02:169 INFO  HomePage :45 - enter location[[ChromeDriver: chrome on WINDOWS (4b0d13bb8b64a9e977a015eb9a72d645)] -> xpath: //input[@id='location']]
2023-02-08 11:02:337 INFO  HomePage :52 - click on Moresearchoptionlink[[ChromeDriver: chrome on WINDOWS (4b0d13bb8b64a9e977a015eb9a72d645)] -> xpath: //button[@id='toggle-hp-search']]
2023-02-08 11:02:873 INFO  HomePage :56 - enter minsalary[[ChromeDriver: chrome on WINDOWS (4b0d13bb8b64a9e977a015eb9a72d645)] -> xpath: //input[@id='salarymin']]
2023-02-08 11:02:321 INFO  HomePage :60 - enter maxsalary[[ChromeDriver: chrome on WINDOWS (4b0d13bb8b64a9e977a015eb9a72d645)] -> xpath: //input[@id='salarymax']]
2023-02-08 11:02:830 INFO  HomePage :41 - enter jobtitle[[ChromeDriver: chrome on WINDOWS (d20113c3f75e1ddb06716111d4e4705e)] -> xpath: //input[@id='keywords']]
2023-02-08 11:02:976 INFO  HomePage :45 - enter location[[ChromeDriver: chrome on WINDOWS (d20113c3f75e1ddb06716111d4e4705e)] -> xpath: //input[@id='location']]
2023-02-08 11:02:366 INFO  HomePage :52 - click on Moresearchoptionlink[[ChromeDriver: chrome on WINDOWS (d20113c3f75e1ddb06716111d4e4705e)] -> xpath: //button[@id='toggle-hp-search']]
2023-02-08 11:02:541 INFO  HomePage :56 - enter minsalary[[ChromeDriver: chrome on WINDOWS (d20113c3f75e1ddb06716111d4e4705e)] -> xpath: //input[@id='salarymin']]
2023-02-08 11:02:647 INFO  HomePage :60 - enter maxsalary[[ChromeDriver: chrome on WINDOWS (d20113c3f75e1ddb06716111d4e4705e)] -> xpath: //input[@id='salarymax']]
2023-02-08 11:02:268 INFO  HomePage :41 - enter jobtitle[[ChromeDriver: chrome on WINDOWS (5f1c9eb1bfdfa8706d2fad373ddf09ce)] -> xpath: //input[@id='keywords']]
2023-02-08 11:02:367 INFO  HomePage :45 - enter location[[ChromeDriver: chrome on WINDOWS (5f1c9eb1bfdfa8706d2fad373ddf09ce)] -> xpath: //input[@id='location']]
2023-02-08 11:02:758 INFO  HomePage :52 - click on Moresearchoptionlink[[ChromeDriver: chrome on WINDOWS (5f1c9eb1bfdfa8706d2fad373ddf09ce)] -> xpath: //button[@id='toggle-hp-search']]
2023-02-08 11:02:931 INFO  HomePage :56 - enter minsalary[[ChromeDriver: chrome on WINDOWS (5f1c9eb1bfdfa8706d2fad373ddf09ce)] -> xpath: //input[@id='salarymin']]
2023-02-08 11:02:34 INFO  HomePage :60 - enter maxsalary[[ChromeDriver: chrome on WINDOWS (5f1c9eb1bfdfa8706d2fad373ddf09ce)] -> xpath: //input[@id='salarymax']]
2023-02-08 11:02:62 INFO  HomePage :41 - enter jobtitle[[ChromeDriver: chrome on WINDOWS (df860c271baf314ba39f5e5373da2d5d)] -> xpath: //input[@id='keywords']]
2023-02-08 11:02:544 INFO  HomePage :45 - enter location[[ChromeDriver: chrome on WINDOWS (df860c271baf314ba39f5e5373da2d5d)] -> xpath: //input[@id='location']]
2023-02-08 11:02:836 INFO  HomePage :52 - click on Moresearchoptionlink[[ChromeDriver: chrome on WINDOWS (df860c271baf314ba39f5e5373da2d5d)] -> xpath: //button[@id='toggle-hp-search']]
2023-02-08 11:02:67 INFO  HomePage :56 - enter minsalary[[ChromeDriver: chrome on WINDOWS (df860c271baf314ba39f5e5373da2d5d)] -> xpath: //input[@id='salarymin']]
2023-02-08 11:02:199 INFO  HomePage :60 - enter maxsalary[[ChromeDriver: chrome on WINDOWS (df860c271baf314ba39f5e5373da2d5d)] -> xpath: //input[@id='salarymax']]
2023-02-08 11:02:404 INFO  HomePage :41 - enter jobtitle[[ChromeDriver: chrome on WINDOWS (bb09b052fff0e8fc29d38816fa203367)] -> xpath: //input[@id='keywords']]
2023-02-08 11:02:537 INFO  HomePage :45 - enter location[[ChromeDriver: chrome on WINDOWS (bb09b052fff0e8fc29d38816fa203367)] -> xpath: //input[@id='location']]
2023-02-08 11:02:977 INFO  HomePage :52 - click on Moresearchoptionlink[[ChromeDriver: chrome on WINDOWS (bb09b052fff0e8fc29d38816fa203367)] -> xpath: //button[@id='toggle-hp-search']]
2023-02-08 11:02:190 INFO  HomePage :56 - enter minsalary[[ChromeDriver: chrome on WINDOWS (bb09b052fff0e8fc29d38816fa203367)] -> xpath: //input[@id='salarymin']]
2023-02-08 11:02:287 INFO  HomePage :60 - enter maxsalary[[ChromeDriver: chrome on WINDOWS (bb09b052fff0e8fc29d38816fa203367)] -> xpath: //input[@id='salarymax']]
2023-02-08 11:02:662 INFO  HomePage :41 - enter jobtitle[[ChromeDriver: chrome on WINDOWS (e50d9d311f8a0227e1a1de0439ffe553)] -> xpath: //input[@id='keywords']]
2023-02-08 11:02:851 INFO  HomePage :45 - enter location[[ChromeDriver: chrome on WINDOWS (e50d9d311f8a0227e1a1de0439ffe553)] -> xpath: //input[@id='location']]
2023-02-08 11:02:100 INFO  HomePage :52 - click on Moresearchoptionlink[[ChromeDriver: chrome on WINDOWS (e50d9d311f8a0227e1a1de0439ffe553)] -> xpath: //button[@id='toggle-hp-search']]
2023-02-08 11:02:528 INFO  HomePage :56 - enter minsalary[[ChromeDriver: chrome on WINDOWS (e50d9d311f8a0227e1a1de0439ffe553)] -> xpath: //input[@id='salarymin']]
2023-02-08 11:02:158 INFO  HomePage :60 - enter maxsalary[[ChromeDriver: chrome on WINDOWS (e50d9d311f8a0227e1a1de0439ffe553)] -> xpath: //input[@id='salarymax']]
2023-02-08 12:02:733 INFO  HomePage :41 - enter jobtitle[[ChromeDriver: chrome on WINDOWS (12c88cb6a102579a90c7f7ed9f023f66)] -> xpath: //input[@id='keywords']]
2023-02-08 12:02:26 INFO  HomePage :45 - enter location[[ChromeDriver: chrome on WINDOWS (12c88cb6a102579a90c7f7ed9f023f66)] -> xpath: //input[@id='location']]
2023-02-08 12:02:521 INFO  HomePage :52 - click on Moresearchoptionlink[[ChromeDriver: chrome on WINDOWS (12c88cb6a102579a90c7f7ed9f023f66)] -> xpath: //button[@id='toggle-hp-search']]
2023-02-08 12:02:796 INFO  HomePage :56 - enter minsalary[[ChromeDriver: chrome on WINDOWS (12c88cb6a102579a90c7f7ed9f023f66)] -> xpath: //input[@id='salarymin']]
2023-02-08 12:02:981 INFO  HomePage :60 - enter maxsalary[[ChromeDriver: chrome on WINDOWS (12c88cb6a102579a90c7f7ed9f023f66)] -> xpath: //input[@id='salarymax']]
2023-02-08 12:02:773 INFO  HomePage :70 - clickonfindjobs[[ChromeDriver: chrome on WINDOWS (12c88cb6a102579a90c7f7ed9f023f66)] -> xpath: //input[@type='submit']]
2023-02-08 12:02:281 INFO  HomePage :41 - enter jobtitle[[ChromeDriver: chrome on WINDOWS (08154a077a6b0bcb344b44ada20298ff)] -> xpath: //input[@id='keywords']]
2023-02-08 12:02:549 INFO  HomePage :45 - enter location[[ChromeDriver: chrome on WINDOWS (08154a077a6b0bcb344b44ada20298ff)] -> xpath: //input[@id='location']]
2023-02-08 12:02:776 INFO  HomePage :52 - click on Moresearchoptionlink[[ChromeDriver: chrome on WINDOWS (08154a077a6b0bcb344b44ada20298ff)] -> xpath: //button[@id='toggle-hp-search']]
2023-02-08 12:02:970 INFO  HomePage :56 - enter minsalary[[ChromeDriver: chrome on WINDOWS (08154a077a6b0bcb344b44ada20298ff)] -> xpath: //input[@id='salarymin']]
2023-02-08 12:02:105 INFO  HomePage :60 - enter maxsalary[[ChromeDriver: chrome on WINDOWS (08154a077a6b0bcb344b44ada20298ff)] -> xpath: //input[@id='salarymax']]
2023-02-08 12:02:508 INFO  HomePage :70 - clickonfindjobs[[ChromeDriver: chrome on WINDOWS (08154a077a6b0bcb344b44ada20298ff)] -> xpath: //input[@type='submit']]
2023-02-08 12:02:08 INFO  HomePage :41 - enter jobtitle[[ChromeDriver: chrome on WINDOWS (c43954775d91054b5525444102051d70)] -> xpath: //input[@id='keywords']]
2023-02-08 12:02:126 INFO  HomePage :45 - enter location[[ChromeDriver: chrome on WINDOWS (c43954775d91054b5525444102051d70)] -> xpath: //input[@id='location']]
2023-02-08 12:02:738 INFO  HomePage :52 - click on Moresearchoptionlink[[ChromeDriver: chrome on WINDOWS (c43954775d91054b5525444102051d70)] -> xpath: //button[@id='toggle-hp-search']]
2023-02-08 12:02:892 INFO  HomePage :56 - enter minsalary[[ChromeDriver: chrome on WINDOWS (c43954775d91054b5525444102051d70)] -> xpath: //input[@id='salarymin']]
2023-02-08 12:02:13 INFO  HomePage :60 - enter maxsalary[[ChromeDriver: chrome on WINDOWS (c43954775d91054b5525444102051d70)] -> xpath: //input[@id='salarymax']]
2023-02-08 12:02:301 INFO  HomePage :70 - clickonfindjobs[[ChromeDriver: chrome on WINDOWS (c43954775d91054b5525444102051d70)] -> xpath: //input[@type='submit']]
2023-02-08 12:02:265 INFO  HomePage :41 - enter jobtitle[[ChromeDriver: chrome on WINDOWS (498582ed7239813b2eed9e952f583986)] -> xpath: //input[@id='keywords']]
2023-02-08 12:02:584 INFO  HomePage :45 - enter location[[ChromeDriver: chrome on WINDOWS (498582ed7239813b2eed9e952f583986)] -> xpath: //input[@id='location']]
2023-02-08 12:02:722 INFO  HomePage :52 - click on Moresearchoptionlink[[ChromeDriver: chrome on WINDOWS (498582ed7239813b2eed9e952f583986)] -> xpath: //button[@id='toggle-hp-search']]
2023-02-08 12:02:854 INFO  HomePage :56 - enter minsalary[[ChromeDriver: chrome on WINDOWS (498582ed7239813b2eed9e952f583986)] -> xpath: //input[@id='salarymin']]
2023-02-08 12:02:952 INFO  HomePage :60 - enter maxsalary[[ChromeDriver: chrome on WINDOWS (498582ed7239813b2eed9e952f583986)] -> xpath: //input[@id='salarymax']]
2023-02-08 12:02:202 INFO  HomePage :70 - clickonfindjobs[[ChromeDriver: chrome on WINDOWS (498582ed7239813b2eed9e952f583986)] -> xpath: //input[@type='submit']]
2023-02-08 12:02:882 INFO  HomePage :41 - enter jobtitle[[ChromeDriver: chrome on WINDOWS (092e6fabd384adb9dcf2d3308eb2482d)] -> xpath: //input[@id='keywords']]
2023-02-08 12:02:238 INFO  HomePage :45 - enter location[[ChromeDriver: chrome on WINDOWS (092e6fabd384adb9dcf2d3308eb2482d)] -> xpath: //input[@id='location']]
2023-02-08 12:02:429 INFO  HomePage :52 - click on Moresearchoptionlink[[ChromeDriver: chrome on WINDOWS (092e6fabd384adb9dcf2d3308eb2482d)] -> xpath: //button[@id='toggle-hp-search']]
2023-02-08 12:02:713 INFO  HomePage :56 - enter minsalary[[ChromeDriver: chrome on WINDOWS (092e6fabd384adb9dcf2d3308eb2482d)] -> xpath: //input[@id='salarymin']]
2023-02-08 12:02:791 INFO  HomePage :60 - enter maxsalary[[ChromeDriver: chrome on WINDOWS (092e6fabd384adb9dcf2d3308eb2482d)] -> xpath: //input[@id='salarymax']]
2023-02-08 12:02:994 INFO  HomePage :70 - clickonfindjobs[[ChromeDriver: chrome on WINDOWS (092e6fabd384adb9dcf2d3308eb2482d)] -> xpath: //input[@type='submit']]
2023-02-08 12:02:592 INFO  HomePage :41 - enter jobtitle[[ChromeDriver: chrome on WINDOWS (b590fd7b5f48f664ed86c96b12509ddc)] -> xpath: //input[@id='keywords']]
2023-02-08 12:02:660 INFO  HomePage :45 - enter location[[ChromeDriver: chrome on WINDOWS (b590fd7b5f48f664ed86c96b12509ddc)] -> xpath: //input[@id='location']]
2023-02-08 12:02:795 INFO  HomePage :52 - click on Moresearchoptionlink[[ChromeDriver: chrome on WINDOWS (b590fd7b5f48f664ed86c96b12509ddc)] -> xpath: //button[@id='toggle-hp-search']]
2023-02-08 12:02:05 INFO  HomePage :56 - enter minsalary[[ChromeDriver: chrome on WINDOWS (b590fd7b5f48f664ed86c96b12509ddc)] -> xpath: //input[@id='salarymin']]
2023-02-08 12:02:76 INFO  HomePage :60 - enter maxsalary[[ChromeDriver: chrome on WINDOWS (b590fd7b5f48f664ed86c96b12509ddc)] -> xpath: //input[@id='salarymax']]
2023-02-08 12:02:285 INFO  HomePage :70 - clickonfindjobs[[ChromeDriver: chrome on WINDOWS (b590fd7b5f48f664ed86c96b12509ddc)] -> xpath: //input[@type='submit']]
2023-02-08 12:02:591 INFO  HomePage :39 - enter jobtitle[[ChromeDriver: chrome on WINDOWS (2d6aa9d5d742273722c29ff4a13fc908)] -> xpath: //input[@id='keywords']]
2023-02-08 12:02:64 INFO  HomePage :43 - enter location[[ChromeDriver: chrome on WINDOWS (2d6aa9d5d742273722c29ff4a13fc908)] -> xpath: //input[@id='location']]
2023-02-08 12:02:567 INFO  HomePage :50 - click on Moresearchoptionlink[[ChromeDriver: chrome on WINDOWS (2d6aa9d5d742273722c29ff4a13fc908)] -> xpath: //button[@id='toggle-hp-search']]
2023-02-08 12:02:649 INFO  HomePage :54 - enter minsalary[[ChromeDriver: chrome on WINDOWS (2d6aa9d5d742273722c29ff4a13fc908)] -> xpath: //input[@id='salarymin']]
2023-02-08 12:02:731 INFO  HomePage :58 - enter maxsalary[[ChromeDriver: chrome on WINDOWS (2d6aa9d5d742273722c29ff4a13fc908)] -> xpath: //input[@id='salarymax']]
2023-02-08 12:02:990 INFO  HomePage :68 - clickonfindjobs[[ChromeDriver: chrome on WINDOWS (2d6aa9d5d742273722c29ff4a13fc908)] -> xpath: //input[@type='submit']]
2023-02-08 12:02:190 INFO  HomePage :39 - enter jobtitle[[ChromeDriver: chrome on WINDOWS (661f3dac24aa10dcd3a77727a7fee1d7)] -> xpath: //input[@id='keywords']]
2023-02-08 12:02:606 INFO  HomePage :43 - enter location[[ChromeDriver: chrome on WINDOWS (661f3dac24aa10dcd3a77727a7fee1d7)] -> xpath: //input[@id='location']]
2023-02-08 12:02:36 INFO  HomePage :50 - click on Moresearchoptionlink[[ChromeDriver: chrome on WINDOWS (661f3dac24aa10dcd3a77727a7fee1d7)] -> xpath: //button[@id='toggle-hp-search']]
2023-02-08 12:02:186 INFO  HomePage :54 - enter minsalary[[ChromeDriver: chrome on WINDOWS (661f3dac24aa10dcd3a77727a7fee1d7)] -> xpath: //input[@id='salarymin']]
2023-02-08 12:02:273 INFO  HomePage :58 - enter maxsalary[[ChromeDriver: chrome on WINDOWS (661f3dac24aa10dcd3a77727a7fee1d7)] -> xpath: //input[@id='salarymax']]
2023-02-08 12:02:561 INFO  HomePage :68 - clickonfindjobs[[ChromeDriver: chrome on WINDOWS (661f3dac24aa10dcd3a77727a7fee1d7)] -> xpath: //input[@type='submit']]
2023-02-08 12:02:165 INFO  HomePage :39 - enter jobtitle[[ChromeDriver: chrome on WINDOWS (1187c872d16c711ead9422bd80110734)] -> xpath: //input[@id='keywords']]
2023-02-08 12:02:589 INFO  HomePage :43 - enter location[[ChromeDriver: chrome on WINDOWS (1187c872d16c711ead9422bd80110734)] -> xpath: //input[@id='location']]
2023-02-08 12:02:16 INFO  HomePage :50 - click on Moresearchoptionlink[[ChromeDriver: chrome on WINDOWS (1187c872d16c711ead9422bd80110734)] -> xpath: //button[@id='toggle-hp-search']]
2023-02-08 12:02:241 INFO  HomePage :54 - enter minsalary[[ChromeDriver: chrome on WINDOWS (1187c872d16c711ead9422bd80110734)] -> xpath: //input[@id='salarymin']]
2023-02-08 12:02:370 INFO  HomePage :58 - enter maxsalary[[ChromeDriver: chrome on WINDOWS (1187c872d16c711ead9422bd80110734)] -> xpath: //input[@id='salarymax']]
2023-02-08 12:02:860 INFO  HomePage :68 - clickonfindjobs[[ChromeDriver: chrome on WINDOWS (1187c872d16c711ead9422bd80110734)] -> xpath: //input[@type='submit']]
2023-02-08 12:02:217 INFO  HomePage :39 - enter jobtitle[[ChromeDriver: chrome on WINDOWS (2e4685e8129eb04f8b0a51a3e351694c)] -> xpath: //input[@id='keywords']]
2023-02-08 12:02:348 INFO  HomePage :43 - enter location[[ChromeDriver: chrome on WINDOWS (2e4685e8129eb04f8b0a51a3e351694c)] -> xpath: //input[@id='location']]
2023-02-08 12:02:846 INFO  HomePage :50 - click on Moresearchoptionlink[[ChromeDriver: chrome on WINDOWS (2e4685e8129eb04f8b0a51a3e351694c)] -> xpath: //button[@id='toggle-hp-search']]
2023-02-08 12:02:189 INFO  HomePage :54 - enter minsalary[[ChromeDriver: chrome on WINDOWS (2e4685e8129eb04f8b0a51a3e351694c)] -> xpath: //input[@id='salarymin']]
2023-02-08 12:02:333 INFO  HomePage :58 - enter maxsalary[[ChromeDriver: chrome on WINDOWS (2e4685e8129eb04f8b0a51a3e351694c)] -> xpath: //input[@id='salarymax']]
2023-02-08 12:02:812 INFO  HomePage :68 - clickonfindjobs[[ChromeDriver: chrome on WINDOWS (2e4685e8129eb04f8b0a51a3e351694c)] -> xpath: //input[@type='submit']]
2023-02-08 12:02:143 INFO  HomePage :39 - enter jobtitle[[ChromeDriver: chrome on WINDOWS (a071e549c170864f671c162dd5a2a0e5)] -> xpath: //input[@id='keywords']]
2023-02-08 12:02:203 INFO  HomePage :43 - enter location[[ChromeDriver: chrome on WINDOWS (a071e549c170864f671c162dd5a2a0e5)] -> xpath: //input[@id='location']]
2023-02-08 12:02:337 INFO  HomePage :50 - click on Moresearchoptionlink[[ChromeDriver: chrome on WINDOWS (a071e549c170864f671c162dd5a2a0e5)] -> xpath: //button[@id='toggle-hp-search']]
2023-02-08 12:02:555 INFO  HomePage :54 - enter minsalary[[ChromeDriver: chrome on WINDOWS (a071e549c170864f671c162dd5a2a0e5)] -> xpath: //input[@id='salarymin']]
2023-02-08 12:02:619 INFO  HomePage :58 - enter maxsalary[[ChromeDriver: chrome on WINDOWS (a071e549c170864f671c162dd5a2a0e5)] -> xpath: //input[@id='salarymax']]
2023-02-08 12:02:892 INFO  HomePage :68 - clickonfindjobs[[ChromeDriver: chrome on WINDOWS (a071e549c170864f671c162dd5a2a0e5)] -> xpath: //input[@type='submit']]
2023-02-08 12:02:843 INFO  HomePage :39 - enter jobtitle[[ChromeDriver: chrome on WINDOWS (746d1192e4943a6aebfcd20d3d47f289)] -> xpath: //input[@id='keywords']]
2023-02-08 12:02:916 INFO  HomePage :43 - enter location[[ChromeDriver: chrome on WINDOWS (746d1192e4943a6aebfcd20d3d47f289)] -> xpath: //input[@id='location']]
2023-02-08 12:02:86 INFO  HomePage :50 - click on Moresearchoptionlink[[ChromeDriver: chrome on WINDOWS (746d1192e4943a6aebfcd20d3d47f289)] -> xpath: //button[@id='toggle-hp-search']]
2023-02-08 12:02:220 INFO  HomePage :54 - enter minsalary[[ChromeDriver: chrome on WINDOWS (746d1192e4943a6aebfcd20d3d47f289)] -> xpath: //input[@id='salarymin']]
2023-02-08 12:02:325 INFO  HomePage :58 - enter maxsalary[[ChromeDriver: chrome on WINDOWS (746d1192e4943a6aebfcd20d3d47f289)] -> xpath: //input[@id='salarymax']]
2023-02-08 12:02:568 INFO  HomePage :68 - clickonfindjobs[[ChromeDriver: chrome on WINDOWS (746d1192e4943a6aebfcd20d3d47f289)] -> xpath: //input[@type='submit']]
